#
# There is insufficient memory for the Java Runtime Environment to continue.
# Native memory allocation (mmap) failed to map 134217728 bytes for Failed to commit area from 0x0000000081400000 to 0x0000000089400000 of length 134217728.
# Possible reasons:
#   The system is out of physical RAM or swap space
#   The process is running with CompressedOops enabled, and the Java Heap may be blocking the growth of the native heap
# Possible solutions:
#   Reduce memory load on the system
#   Increase physical memory or swap space
#   Check if swap backing store is full
#   Decrease Java heap size (-Xmx/-Xms)
#   Decrease number of Java threads
#   Decrease Java thread stack sizes (-Xss)
#   Set larger code cache with -XX:ReservedCodeCacheSize=
# This output file may be truncated or incomplete.
#
#  Out of Memory Error (c:/BuildAgent/work/64e6ab55ab19e5a9/src/hotspot/os/windows/os_windows.cpp:3272), pid=13556, tid=12880
#
# JRE version:  (11.0.2+9) (build )
# Java VM: OpenJDK 64-Bit Server VM (11.0.2+9-b159.56, mixed mode, aot, sharing, tiered, compressed oops, g1 gc, windows-amd64)
# No core dump will be written. Minidumps are not enabled by default on client versions of Windows
#

---------------  S U M M A R Y ------------

Command Line: org.jetbrains.git4idea.nativessh.GitNativeSshAskPassApp Enter passphrase for key '/c/Users/Zem/.ssh/id_rsa_tech': 

Host: Intel(R) Core(TM) i5-4210M CPU @ 2.60GHz, 4 cores, 7G,  Windows 10 , 64 bit Build 18362 (10.0.18362.1)
Time: Thu Jun  6 10:57:42 2019 ?D1¨²¡À¨º¡Á?¨º¡À?? elapsed time: 0 seconds (0d 0h 0m 0s)

---------------  T H R E A D  ---------------

Current thread (0x0000022481e44800):  JavaThread "Unknown thread" [_thread_in_vm, id=12880, stack(0x000000f530d00000,0x000000f530e00000)]

Stack: [0x000000f530d00000,0x000000f530e00000]
Native frames: (J=compiled Java code, j=interpreted, Vv=VM code, C=native code)
V  [jvm.dll+0x5da82a]
V  [jvm.dll+0x70b6c9]
V  [jvm.dll+0x70cbe8]
V  [jvm.dll+0x70d2b3]
V  [jvm.dll+0x240f18]
V  [jvm.dll+0x5d7fc4]
V  [jvm.dll+0x5cd115]
V  [jvm.dll+0x2fa5eb]
V  [jvm.dll+0x2fa55a]
V  [jvm.dll+0x2fa432]
V  [jvm.dll+0x2ff316]
V  [jvm.dll+0x347993]
V  [jvm.dll+0x348096]
V  [jvm.dll+0x347a93]
V  [jvm.dll+0x2d5588]
V  [jvm.dll+0x2d66c7]
V  [jvm.dll+0x6eaac7]
V  [jvm.dll+0x6ec22c]
V  [jvm.dll+0x3551c9]
V  [jvm.dll+0x6d274e]
V  [jvm.dll+0x3bd953]
V  [jvm.dll+0x3bfcc1]
C  [java.exe+0x3763]
C  [java.exe+0x17a0c]
C  [KERNEL32.DLL+0x17944]
C  [ntdll.dll+0x6ce71]


---------------  P R O C E S S  ---------------

Threads class SMR info:
_java_thread_list=0x00000224805a5890, length=0, elements={
}

Java Threads: ( => current thread )

Other Threads:
  0x0000022481e5c000 GCTaskThread "GC Thread#0" [stack: 0x000000f530e00000,0x000000f530f00000] [id=6864]
  0x0000022481e8c000 ConcurrentGCThread "G1 Main Marker" [stack: 0x000000f530f00000,0x000000f531000000] [id=11084]
  0x0000022481e8d800 ConcurrentGCThread "G1 Conc#0" [stack: 0x000000f531000000,0x000000f531100000] [id=13040]

[error occurred during error reporting (printing all threads), id 0xc0000005, EXCEPTION_ACCESS_VIOLATION (0xc0000005) at pc=0x00007ff839295687]

VM state:not at safepoint (not fully initialized)

VM Mutex/Monitor currently owned by a thread:  ([mutex/lock_event])
[0x0000022481e3f550] Heap_lock - owner thread: 0x0000022481e44800

Heap address: 0x0000000081400000, size: 2028 MB, Compressed Oops mode: Non-zero based: 0x0000000081400000
Narrow klass base: 0x0000000000000000, Narrow klass shift: 0

GC Heap History (0 events):
No events

Deoptimization events (0 events):
No events

Classes redefined (0 events):
No events

Internal exceptions (0 events):
No events

Events (0 events):
No events


Dynamic libraries:
0x00007ff775870000 - 0x00007ff7758b7000 	I:\Program Files\JetBrains\PyCharm 2019.1.2\jre64\bin\java.exe
0x00007ff881da0000 - 0x00007ff881f90000 	C:\Windows\SYSTEM32\ntdll.dll
0x00007ff8815a0000 - 0x00007ff881652000 	C:\Windows\System32\KERNEL32.DLL
0x00007ff87f430000 - 0x00007ff87f6d2000 	C:\Windows\System32\KERNELBASE.dll
0x00007ff881bc0000 - 0x00007ff881d53000 	C:\Windows\System32\USER32.dll
0x00007ff87f400000 - 0x00007ff87f421000 	C:\Windows\System32\win32u.dll
0x00007ff880f90000 - 0x00007ff880fb6000 	C:\Windows\System32\GDI32.dll
0x00007ff87f0c0000 - 0x00007ff87f254000 	C:\Windows\System32\gdi32full.dll
0x00007ff87ee80000 - 0x00007ff87ef1e000 	C:\Windows\System32\msvcp_win.dll
0x00007ff87ed80000 - 0x00007ff87ee7a000 	C:\Windows\System32\ucrtbase.dll
0x00007ff86d560000 - 0x00007ff86d7e5000 	C:\Windows\WinSxS\amd64_microsoft.windows.common-controls_6595b64144ccf1df_6.0.18362.30_none_a1435978519dce7f\COMCTL32.dll
0x00007ff881980000 - 0x00007ff881a1e000 	C:\Windows\System32\msvcrt.dll
0x00007ff880fc0000 - 0x00007ff8812f6000 	C:\Windows\System32\combase.dll
0x00007ff881aa0000 - 0x00007ff881bc0000 	C:\Windows\System32\RPCRT4.dll
0x00007ff87f030000 - 0x00007ff87f0b1000 	C:\Windows\System32\bcryptPrimitives.dll
0x00007ff881810000 - 0x00007ff88183e000 	C:\Windows\System32\IMM32.DLL
0x00007ff861400000 - 0x00007ff861417000 	I:\Program Files\JetBrains\PyCharm 2019.1.2\jre64\bin\vcruntime140.dll
0x00007ff83dea0000 - 0x00007ff83df3d000 	I:\Program Files\JetBrains\PyCharm 2019.1.2\jre64\bin\msvcp140.dll
0x00007ff838fb0000 - 0x00007ff839a66000 	I:\Program Files\JetBrains\PyCharm 2019.1.2\jre64\bin\server\jvm.dll
0x00007ff881470000 - 0x00007ff881513000 	C:\Windows\System32\ADVAPI32.dll
0x00007ff87ff10000 - 0x00007ff87ffa7000 	C:\Windows\System32\sechost.dll
0x00007ff881300000 - 0x00007ff881308000 	C:\Windows\System32\PSAPI.DLL
0x00007ff8694c0000 - 0x00007ff8694c9000 	C:\Windows\SYSTEM32\WSOCK32.dll
0x00007ff8775e0000 - 0x00007ff8775ea000 	C:\Windows\SYSTEM32\VERSION.dll
0x00007ff87a9a0000 - 0x00007ff87a9c4000 	C:\Windows\SYSTEM32\WINMM.dll
0x00007ff880aa0000 - 0x00007ff880b0f000 	C:\Windows\System32\WS2_32.dll
0x00007ff87a800000 - 0x00007ff87a82d000 	C:\Windows\SYSTEM32\WINMMBASE.dll
0x00007ff87ed30000 - 0x00007ff87ed7a000 	C:\Windows\System32\cfgmgr32.dll
0x00007ff87ec80000 - 0x00007ff87ec91000 	C:\Windows\System32\kernel.appcore.dll
0x00007ff860f80000 - 0x00007ff860f91000 	I:\Program Files\JetBrains\PyCharm 2019.1.2\jre64\bin\verify.dll
0x00007ff8769f0000 - 0x00007ff876be4000 	C:\Windows\SYSTEM32\DBGHELP.DLL
0x00007ff866950000 - 0x00007ff86697a000 	C:\Windows\SYSTEM32\dbgcore.DLL
0x00007ff85b640000 - 0x00007ff85b669000 	I:\Program Files\JetBrains\PyCharm 2019.1.2\jre64\bin\java.dll
0x00007ff860c40000 - 0x00007ff860c57000 	I:\Program Files\JetBrains\PyCharm 2019.1.2\jre64\bin\zip.dll
0x00007ff864dd0000 - 0x00007ff864ddb000 	I:\Program Files\JetBrains\PyCharm 2019.1.2\jre64\bin\jimage.dll

dbghelp: loaded successfully - version: 4.0.5 - missing functions: none
symbol engine: initialized successfully - sym options: 0x614 - pdb path: .;I:\Program Files\JetBrains\PyCharm 2019.1.2\jre64\bin;C:\Windows\SYSTEM32;C:\Windows\WinSxS\amd64_microsoft.windows.common-controls_6595b64144ccf1df_6.0.18362.30_none_a1435978519dce7f;I:\Program Files\JetBrains\PyCharm 2019.1.2\jre64\bin\server

VM Arguments:
java_command: org.jetbrains.git4idea.nativessh.GitNativeSshAskPassApp Enter passphrase for key '/c/Users/Zem/.ssh/id_rsa_tech': 
java_class_path (initial): I:/Program Files/JetBrains/PyCharm 2019.1.2/plugins/git4idea/lib/git4idea-rt.jar;I:/Program Files/JetBrains/PyCharm 2019.1.2/lib/xmlrpc-2.0.1.jar;I:/Program Files/JetBrains/PyCharm 2019.1.2/lib/commons-codec-1.10.jar;I:/Program Files/JetBrains/PyCharm 2019.1.2/lib/util.jar
Launcher Type: SUN_STANDARD

[Global flags]
     intx CICompilerCount                          = 3                                         {product} {ergonomic}
     uint ConcGCThreads                            = 1                                         {product} {ergonomic}
     uint G1ConcRefinementThreads                  = 4                                         {product} {ergonomic}
   size_t G1HeapRegionSize                         = 1048576                                   {product} {ergonomic}
    uintx GCDrainStackTargetSize                   = 64                                        {product} {ergonomic}
   size_t InitialHeapSize                          = 134217728                                 {product} {ergonomic}
   size_t MarkStackSize                            = 4194304                                   {product} {ergonomic}
   size_t MaxHeapSize                              = 2126512128                                {product} {ergonomic}
   size_t MinHeapDeltaBytes                        = 1048576                                   {product} {ergonomic}
    uintx NonNMethodCodeHeapSize                   = 5830092                                {pd product} {ergonomic}
    uintx NonProfiledCodeHeapSize                  = 122914074                              {pd product} {ergonomic}
    uintx ProfiledCodeHeapSize                     = 122914074                              {pd product} {ergonomic}
    uintx ReservedCodeCacheSize                    = 251658240                              {pd product} {ergonomic}
     bool SegmentedCodeCache                       = true                                      {product} {ergonomic}
     bool UseCompressedClassPointers               = true                                 {lp64_product} {ergonomic}
     bool UseCompressedOops                        = true                                 {lp64_product} {ergonomic}
     bool UseG1GC                                  = true                                      {product} {ergonomic}
     bool UseLargePagesIndividualAllocation        = false                                  {pd product} {ergonomic}

Logging:
Log output configuration:
 #0: stdout all=warning uptime,level,tags
 #1: stderr all=off uptime,level,tags

Environment Variables:
JAVA_HOME=I:\Program Files\Java\jdk1.8.0_171
PATH=I:\Program Files\Git\mingw64\libexec\git-core;I:\Program Files\Git\mingw64\bin;I:\Program Files\Git\usr\bin;C:\Users\Zem\bin;C:\Windows\system32;C:\Windows;C:\Windows\System32\Wbem;C:\Windows\System32\WindowsPowerShell\v1.0;C:\Windows\System32\OpenSSH;C:\Program Files (x86)\NVIDIA Corporation\PhysX\Common;E:\Program Files\WIDCOMM\Bluetooth Software;E:\Program Files\WIDCOMM\Bluetooth Software\syswow64;I:\Program Files\Java\jdk1.8.0_171\bin;I:\Program Files\Git\cmd;C:\Users\Zem\AppData\Local\Programs\Python\Python37\Scripts;C:\Users\Zem\AppData\Local\Programs\Python\Python37;C:\Users\Zem\AppData\Local\Microsoft\WindowsApps;I:\software\bandzip
USERNAME=Zem
DISPLAY=:0.0
OS=Windows_NT
PROCESSOR_IDENTIFIER=Intel64 Family 6 Model 60 Stepping 3, GenuineIntel



---------------  S Y S T E M  ---------------

OS: Windows 10 , 64 bit Build 18362 (10.0.18362.1)

CPU:total 4 (initial active 4) (2 cores per cpu, 2 threads per core) family 6 model 60 stepping 3, cmov, cx8, fxsr, mmx, sse, sse2, sse3, ssse3, sse4.1, sse4.2, popcnt, avx, avx2, aes, clmul, erms, lzcnt, ht, tsc, tscinvbit, bmi1, bmi2, fma

Memory: 4k page, system-wide physical 8108M (581M free)
TotalPageFile size 8108M (AvailPageFile size 129M)
current process WorkingSet (physical memory assigned to process): 9M, peak: 9M
current process commit charge ("private bytes"): 51M, peak: 179M

vm_info: OpenJDK 64-Bit Server VM (11.0.2+9-b159.56) for windows-amd64 JRE (11.0.2+9-b159.56), built on Apr 30 2019 15:48:48 by "" with MS VC++ 14.0 (VS2015)

END.
